c:\users\이현호\onedrive\desktop\비트 단기과정\0513_c++회원관리 프로그램\0513_c++회원관리 프로그램\x64\debug\vc143.pdb
c:\users\이현호\onedrive\desktop\비트 단기과정\0513_c++회원관리 프로그램\0513_c++회원관리 프로그램\x64\debug\vc143.idb
c:\users\이현호\onedrive\desktop\비트 단기과정\0513_c++회원관리 프로그램\0513_c++회원관리 프로그램\x64\debug\start.obj
c:\users\이현호\onedrive\desktop\비트 단기과정\0513_c++회원관리 프로그램\0513_c++회원관리 프로그램\x64\debug\myprint.obj
c:\users\이현호\onedrive\desktop\비트 단기과정\0513_c++회원관리 프로그램\0513_c++회원관리 프로그램\x64\debug\myinput.obj
c:\users\이현호\onedrive\desktop\비트 단기과정\0513_c++회원관리 프로그램\0513_c++회원관리 프로그램\x64\debug\myfile.obj
c:\users\이현호\onedrive\desktop\비트 단기과정\0513_c++회원관리 프로그램\0513_c++회원관리 프로그램\x64\debug\myarr.obj
c:\users\이현호\onedrive\desktop\비트 단기과정\0513_c++회원관리 프로그램\0513_c++회원관리 프로그램\x64\debug\member.obj
c:\users\이현호\onedrive\desktop\비트 단기과정\0513_c++회원관리 프로그램\0513_c++회원관리 프로그램\x64\debug\control.obj
c:\users\이현호\onedrive\desktop\비트 단기과정\0513_c++회원관리 프로그램\0513_c++회원관리 프로그램\x64\debug\app.obj
c:\users\이현호\onedrive\desktop\비트 단기과정\0513_c++회원관리 프로그램\0513_c++회원관리 프로그램\x64\debug\0513_c++회원관리 프로그램.ilk
c:\users\이현호\onedrive\desktop\비트 단기과정\0513_c++회원관리 프로그램\x64\debug\0513_c++회원관리 프로그램.exe
c:\users\이현호\onedrive\desktop\비트 단기과정\0513_c++회원관리 프로그램\x64\debug\0513_c++회원관리 프로그램.pdb
c:\users\이현호\onedrive\desktop\비트 단기과정\0513_c++회원관리 프로그램\0513_c++회원관리 프로그램\x64\debug\0513_c++.351ecc6a.tlog\cl.command.1.tlog
c:\users\이현호\onedrive\desktop\비트 단기과정\0513_c++회원관리 프로그램\0513_c++회원관리 프로그램\x64\debug\0513_c++.351ecc6a.tlog\cl.items.tlog
c:\users\이현호\onedrive\desktop\비트 단기과정\0513_c++회원관리 프로그램\0513_c++회원관리 프로그램\x64\debug\0513_c++.351ecc6a.tlog\cl.read.1.tlog
c:\users\이현호\onedrive\desktop\비트 단기과정\0513_c++회원관리 프로그램\0513_c++회원관리 프로그램\x64\debug\0513_c++.351ecc6a.tlog\cl.write.1.tlog
c:\users\이현호\onedrive\desktop\비트 단기과정\0513_c++회원관리 프로그램\0513_c++회원관리 프로그램\x64\debug\0513_c++.351ecc6a.tlog\link.command.1.tlog
c:\users\이현호\onedrive\desktop\비트 단기과정\0513_c++회원관리 프로그램\0513_c++회원관리 프로그램\x64\debug\0513_c++.351ecc6a.tlog\link.read.1.tlog
c:\users\이현호\onedrive\desktop\비트 단기과정\0513_c++회원관리 프로그램\0513_c++회원관리 프로그램\x64\debug\0513_c++.351ecc6a.tlog\link.write.1.tlog
